<?xml version="1.0" encoding="UTF-8"?>
<!-- Generated by org.testng.reporters.JUnitReportReporter -->
<testsuite hostname="DESKTOP-OTDS7KI" failures="0" tests="1" name="flag.Descriptionflag" time="0.019" errors="0" timestamp="2023-05-28T22:50:59 IST" skipped="0">
  <testcase classname="flag.Descriptionflag" name="method1" time="0.019"/>
  <system-out>
    <![CDATA[method1 login]]>
  </system-out>
</testsuite> <!-- flag.Descriptionflag -->
