<?xml version="1.0" encoding="UTF-8"?>
<!-- Generated by org.testng.reporters.JUnitReportReporter -->
<testsuite hostname="DESKTOP-OTDS7KI" failures="0" tests="1" name="testNGPack2.Test1" time="82.082" errors="0" timestamp="2023-05-24T09:55:46 IST" skipped="0">
  <testcase classname="testNGPack2.Test1" name="test1method" time="82.082"/>
  <system-out/>
</testsuite> <!-- testNGPack2.Test1 -->
