<?xml version="1.0" encoding="UTF-8"?>
<!-- Generated by org.testng.reporters.JUnitReportReporter -->
<testsuite hostname="DESKTOP-OTDS7KI" failures="0" tests="9" name="flag.AlwaysRun" time="0.043" errors="0" timestamp="2023-06-21T23:11:08 IST" skipped="0">
  <testcase classname="flag.AlwaysRun" name="ft2" time="0.003"/>
  <system-out>
    <![CDATA[FTS02]]>
  </system-out>
  <testcase classname="flag.AlwaysRun" name="st1" time="0.002"/>
  <system-out>
    <![CDATA[STS01]]>
  </system-out>
  <testcase classname="flag.AlwaysRun" name="ft3" time="0.005"/>
  <system-out>
    <![CDATA[FTS03]]>
  </system-out>
  <testcase classname="flag.AlwaysRun" name="it2" time="0.005"/>
  <system-out>
    <![CDATA[ITS02]]>
  </system-out>
  <testcase classname="flag.AlwaysRun" name="it3" time="0.004"/>
  <system-out>
    <![CDATA[ITS03]]>
  </system-out>
  <testcase classname="flag.AlwaysRun" name="st3" time="0.002"/>
  <system-out>
    <![CDATA[STS03]]>
  </system-out>
  <testcase classname="flag.AlwaysRun" name="ft1" time="0.014"/>
  <system-out>
    <![CDATA[FTS01]]>
  </system-out>
  <testcase classname="flag.AlwaysRun" name="it1" time="0.003"/>
  <system-out>
    <![CDATA[ITS01]]>
  </system-out>
  <testcase classname="flag.AlwaysRun" name="st2" time="0.005"/>
  <system-out>
    <![CDATA[STS02]]>
  </system-out>
</testsuite> <!-- flag.AlwaysRun -->
