<?xml version="1.0" encoding="UTF-8"?>
<!-- Generated by org.testng.reporters.JUnitReportReporter -->
<testsuite hostname="DESKTOP-OTDS7KI" failures="0" tests="3" name="testNg3.DemoTest1" time="0.020" errors="0" timestamp="2023-05-23T09:51:45 IST" skipped="0">
  <testcase classname="testNg3.DemoTest1" name="f1" time="0.002"/>
  <system-out>
    <![CDATA[f1 method from demotest1]]>
  </system-out>
  <testcase classname="testNg3.DemoTest1" name="f2" time="0.004"/>
  <system-out>
    <![CDATA[f2 method from demotest1]]>
  </system-out>
  <testcase classname="testNg3.DemoTest1" name="f" time="0.014"/>
  <system-out>
    <![CDATA[f method from demotest1]]>
  </system-out>
</testsuite> <!-- testNg3.DemoTest1 -->
