<?xml version="1.0" encoding="UTF-8"?>
<!-- Generated by org.testng.reporters.JUnitReportReporter -->
<testsuite hostname="DESKTOP-OTDS7KI" failures="0" tests="1" name="testNg3.DemoTest3" time="0.011" errors="0" timestamp="2023-06-21T22:11:33 IST" skipped="0">
  <testcase classname="testNg3.DemoTest3" name="h" time="0.011"/>
  <system-out>
    <![CDATA[h method from demotest3]]>
  </system-out>
</testsuite> <!-- testNg3.DemoTest3 -->
