<?xml version="1.0" encoding="UTF-8"?>
<!-- Generated by org.testng.reporters.JUnitReportReporter -->
<testsuite hostname="DESKTOP-OTDS7KI" failures="0" tests="1" name="testNG.Remo" time="0.003" errors="0" timestamp="2023-05-22T10:43:22 IST" skipped="0">
  <testcase classname="testNG.Remo" name="f" time="0.003"/>
  <system-out>
    <![CDATA[hyy selenium]]>
  </system-out>
</testsuite> <!-- testNG.Remo -->
