<?xml version="1.0" encoding="UTF-8"?>
<!-- Generated by org.testng.reporters.JUnitReportReporter -->
<testsuite hostname="DESKTOP-OTDS7KI" failures="0" tests="1" name="testNGAnnotation.Annotation" time="0.008" errors="0" timestamp="2023-06-21T17:24:45 IST" skipped="0">
  <testcase classname="testNGAnnotation.Annotation" name="f" time="0.008"/>
  <system-out>
    <![CDATA[f method of annotation]]>
  </system-out>
</testsuite> <!-- testNGAnnotation.Annotation -->
