<?xml version="1.0" encoding="UTF-8"?>
<!-- Generated by org.testng.reporters.JUnitReportReporter -->
<testsuite hostname="DESKTOP-OTDS7KI" failures="0" tests="3" name="flag.PriorityflagTest" time="0.023" errors="0" timestamp="2023-06-21T22:40:57 IST" skipped="0">
  <testcase classname="flag.PriorityflagTest" name="Test1" time="0.012"/>
  <system-out>
    <![CDATA[test1 method]]>
  </system-out>
  <testcase classname="flag.PriorityflagTest" name="Test2" time="0.006"/>
  <system-out>
    <![CDATA[test2 method]]>
  </system-out>
  <testcase classname="flag.PriorityflagTest" name="Test3" time="0.005"/>
  <system-out>
    <![CDATA[test2 method]]>
  </system-out>
</testsuite> <!-- flag.PriorityflagTest -->
