<?xml version="1.0" encoding="UTF-8"?>
<!-- Generated by org.testng.reporters.JUnitReportReporter -->
<testsuite hostname="DESKTOP-OTDS7KI" failures="0" tests="1" name="testNG.Demo" time="0.004" errors="0" timestamp="2023-05-22T10:43:22 IST" skipped="0">
  <testcase classname="testNG.Demo" name="f" time="0.004"/>
  <system-out>
    <![CDATA[hyy java]]>
  </system-out>
</testsuite> <!-- testNG.Demo -->
