<?xml version="1.0" encoding="UTF-8"?>
<!-- Generated by org.testng.reporters.JUnitReportReporter -->
<testsuite hostname="DESKTOP-OTDS7KI" failures="0" tests="1" name="testNg3.DemoTest2" time="0.015" errors="0" timestamp="2023-05-23T09:54:35 IST" skipped="0">
  <testcase classname="testNg3.DemoTest2" name="g" time="0.015"/>
  <system-out>
    <![CDATA[g method from demotest2]]>
  </system-out>
</testsuite> <!-- testNg3.DemoTest2 -->
