<?xml version="1.0" encoding="UTF-8"?>
<!-- Generated by org.testng.reporters.JUnitReportReporter -->
<testsuite hostname="DESKTOP-OTDS7KI" failures="0" tests="1" name="testNGPack2.Test2" time="21.499" errors="0" timestamp="2023-05-24T09:55:46 IST" skipped="0">
  <testcase classname="testNGPack2.Test2" name="f" time="21.499"/>
  <system-out/>
</testsuite> <!-- testNGPack2.Test2 -->
