<?xml version="1.0" encoding="UTF-8"?>
<!-- Generated by org.testng.reporters.JUnitReportReporter -->
<testsuite hostname="DESKTOP-OTDS7KI" failures="0" tests="2" name="testNGPack2.MethodExecution" time="0.046" errors="0" timestamp="2023-05-24T10:37:50 IST" skipped="0">
  <testcase classname="testNGPack2.MethodExecution" name="method" time="0.023"/>
  <system-out>
    <![CDATA[17:is the thread id of method 
method]]>
  </system-out>
  <testcase classname="testNGPack2.MethodExecution" name="method1" time="0.023"/>
  <system-out>
    <![CDATA[18:is the thread id of method
method 1]]>
  </system-out>
</testsuite> <!-- testNGPack2.MethodExecution -->
